<?xml version="1.0" encoding="UTF-8"?>
<!-- Generated by org.testng.reporters.JUnitReportReporter -->
<testsuite hostname="DESKTOP-US9O7O0" failures="0" tests="1" name="com.qa.graphql.tests.GraphQLQueryTests" time="2.698" errors="0" timestamp="06 Sep 2022 18:34:36 GMT" skipped="0">
  <testcase classname="com.qa.graphql.tests.GraphQLQueryTests" name="getAllUsersfromHasuraWithPojosTest" time="2.698"/>
</testsuite> <!-- com.qa.graphql.tests.GraphQLQueryTests -->
